<?xml version="1.0" encoding="UTF-8"?>
<testsuite xmlns:xsi="http://www.w3.org/2001/XMLSchema-instance" xsi:noNamespaceSchemaLocation="https://maven.apache.org/surefire/maven-surefire-plugin/xsd/surefire-test-report-3.0.xsd" version="3.0" name="com.iut.banque.test.facade.TestsBanqueManager" time="0.14" tests="11" errors="0" skipped="0" failures="0">
  <properties>
    <property name="sun.desktop" value="windows"/>
    <property name="awt.toolkit" value="sun.awt.windows.WToolkit"/>
    <property name="file.encoding.pkg" value="sun.io"/>
    <property name="java.specification.version" value="1.8"/>
    <property name="sun.cpu.isalist" value="amd64"/>
    <property name="sun.jnu.encoding" value="Cp1252"/>
    <property name="java.class.path" value="D:\qualitedev\Java\_00_ASBank2023\target\test-classes;D:\qualitedev\Java\_00_ASBank2023\target\classes;C:\Users\Justin\.m2\repository\org\hibernate\hibernate-core\5.1.17.Final\hibernate-core-5.1.17.Final.jar;C:\Users\Justin\.m2\repository\org\jboss\logging\jboss-logging\3.3.0.Final\jboss-logging-3.3.0.Final.jar;C:\Users\Justin\.m2\repository\org\hibernate\javax\persistence\hibernate-jpa-2.1-api\1.0.0.Final\hibernate-jpa-2.1-api-1.0.0.Final.jar;C:\Users\Justin\.m2\repository\org\javassist\javassist\3.20.0-GA\javassist-3.20.0-GA.jar;C:\Users\Justin\.m2\repository\antlr\antlr\2.7.7\antlr-2.7.7.jar;C:\Users\Justin\.m2\repository\org\apache\geronimo\specs\geronimo-jta_1.1_spec\1.1.1\geronimo-jta_1.1_spec-1.1.1.jar;C:\Users\Justin\.m2\repository\org\jboss\jandex\2.0.3.Final\jandex-2.0.3.Final.jar;C:\Users\Justin\.m2\repository\com\fasterxml\classmate\1.3.0\classmate-1.3.0.jar;C:\Users\Justin\.m2\repository\org\dom4j\dom4j\2.1.1\dom4j-2.1.1.jar;C:\Users\Justin\.m2\repository\org\hibernate\common\hibernate-commons-annotations\5.0.1.Final\hibernate-commons-annotations-5.0.1.Final.jar;C:\Users\Justin\.m2\repository\mysql\mysql-connector-java\5.1.44\mysql-connector-java-5.1.44.jar;C:\Users\Justin\.m2\repository\org\springframework\spring-context\4.2.6.RELEASE\spring-context-4.2.6.RELEASE.jar;C:\Users\Justin\.m2\repository\org\springframework\spring-aop\4.2.6.RELEASE\spring-aop-4.2.6.RELEASE.jar;C:\Users\Justin\.m2\repository\aopalliance\aopalliance\1.0\aopalliance-1.0.jar;C:\Users\Justin\.m2\repository\org\springframework\spring-beans\4.2.6.RELEASE\spring-beans-4.2.6.RELEASE.jar;C:\Users\Justin\.m2\repository\org\springframework\spring-core\4.2.6.RELEASE\spring-core-4.2.6.RELEASE.jar;C:\Users\Justin\.m2\repository\commons-logging\commons-logging\1.2\commons-logging-1.2.jar;C:\Users\Justin\.m2\repository\org\springframework\spring-expression\4.2.6.RELEASE\spring-expression-4.2.6.RELEASE.jar;C:\Users\Justin\.m2\repository\org\springframework\spring-orm\4.2.6.RELEASE\spring-orm-4.2.6.RELEASE.jar;C:\Users\Justin\.m2\repository\org\springframework\spring-jdbc\4.2.6.RELEASE\spring-jdbc-4.2.6.RELEASE.jar;C:\Users\Justin\.m2\repository\org\springframework\spring-tx\4.2.6.RELEASE\spring-tx-4.2.6.RELEASE.jar;C:\Users\Justin\.m2\repository\org\springframework\spring-web\4.2.6.RELEASE\spring-web-4.2.6.RELEASE.jar;C:\Users\Justin\.m2\repository\org\springframework\spring-test\4.2.6.RELEASE\spring-test-4.2.6.RELEASE.jar;C:\Users\Justin\.m2\repository\org\apache\struts\struts2-core\2.3.37\struts2-core-2.3.37.jar;C:\Users\Justin\.m2\repository\org\apache\struts\xwork\xwork-core\2.3.37\xwork-core-2.3.37.jar;C:\Users\Justin\.m2\repository\org\apache\commons\commons-lang3\3.2\commons-lang3-3.2.jar;C:\Users\Justin\.m2\repository\asm\asm\3.3\asm-3.3.jar;C:\Users\Justin\.m2\repository\asm\asm-commons\3.3\asm-commons-3.3.jar;C:\Users\Justin\.m2\repository\asm\asm-tree\3.3\asm-tree-3.3.jar;C:\Users\Justin\.m2\repository\org\freemarker\freemarker\2.3.28\freemarker-2.3.28.jar;C:\Users\Justin\.m2\repository\ognl\ognl\3.0.21\ognl-3.0.21.jar;C:\Users\Justin\.m2\repository\javassist\javassist\3.11.0.GA\javassist-3.11.0.GA.jar;C:\Users\Justin\.m2\repository\commons-fileupload\commons-fileupload\1.4\commons-fileupload-1.4.jar;C:\Users\Justin\.m2\repository\commons-io\commons-io\2.2\commons-io-2.2.jar;C:\Users\Justin\.m2\repository\junit\junit\4.12\junit-4.12.jar;C:\Users\Justin\.m2\repository\org\hamcrest\hamcrest-core\1.3\hamcrest-core-1.3.jar;C:\Users\Justin\.m2\repository\commons-pool\commons-pool\1.6\commons-pool-1.6.jar;C:\Users\Justin\.m2\repository\commons-dbcp\commons-dbcp\1.2.2\commons-dbcp-1.2.2.jar;C:\Users\Justin\.m2\repository\com\google\gwt\gwt-servlet\2.7.0\gwt-servlet-2.7.0.jar;C:\Users\Justin\.m2\repository\com\sencha\gxt\gxt\3.0.1\gxt-3.0.1.jar;C:\Users\Justin\.m2\repository\javax\validation\validation-api\1.0.0.GA\validation-api-1.0.0.GA.jar;C:\Users\Justin\.m2\repository\javax\validation\validation-api\1.0.0.GA\validation-api-1.0.0.GA-sources.jar;C:\Users\Justin\.m2\repository\org\json\json\20090211\json-20090211.jar;C:\Users\Justin\.m2\repository\javax\servlet\javax.servlet-api\3.1.0\javax.servlet-api-3.1.0.jar;C:\Users\Justin\.m2\repository\javax\xml\bind\jaxb-api\2.2.11\jaxb-api-2.2.11.jar;C:\Users\Justin\.m2\repository\com\sun\xml\bind\jaxb-core\2.2.11\jaxb-core-2.2.11.jar;C:\Users\Justin\.m2\repository\com\sun\xml\bind\jaxb-impl\2.2.11\jaxb-impl-2.2.11.jar;C:\Users\Justin\.m2\repository\javax\activation\activation\1.1.1\activation-1.1.1.jar;"/>
    <property name="java.vm.vendor" value="Oracle Corporation"/>
    <property name="sun.arch.data.model" value="64"/>
    <property name="user.variant" value=""/>
    <property name="java.vendor.url" value="http://java.oracle.com/"/>
    <property name="user.timezone" value="Europe/Paris"/>
    <property name="java.vm.specification.version" value="1.8"/>
    <property name="os.name" value="Windows 10"/>
    <property name="user.country" value="FR"/>
    <property name="sun.java.launcher" value="SUN_STANDARD"/>
    <property name="sun.boot.library.path" value="C:\Program Files\Java\jdk1.8.0_202\jre\bin"/>
    <property name="sun.java.command" value="C:\Users\Justin\AppData\Local\Temp\surefire7642361254305217324\surefirebooter-20231021094617997_3.jar C:\Users\Justin\AppData\Local\Temp\surefire7642361254305217324 2023-10-21T09-46-17_525-jvmRun1 surefire-20231021094617997_1tmp surefire_0-20231021094617997_2tmp"/>
    <property name="surefire.test.class.path" value="D:\qualitedev\Java\_00_ASBank2023\target\test-classes;D:\qualitedev\Java\_00_ASBank2023\target\classes;C:\Users\Justin\.m2\repository\org\hibernate\hibernate-core\5.1.17.Final\hibernate-core-5.1.17.Final.jar;C:\Users\Justin\.m2\repository\org\jboss\logging\jboss-logging\3.3.0.Final\jboss-logging-3.3.0.Final.jar;C:\Users\Justin\.m2\repository\org\hibernate\javax\persistence\hibernate-jpa-2.1-api\1.0.0.Final\hibernate-jpa-2.1-api-1.0.0.Final.jar;C:\Users\Justin\.m2\repository\org\javassist\javassist\3.20.0-GA\javassist-3.20.0-GA.jar;C:\Users\Justin\.m2\repository\antlr\antlr\2.7.7\antlr-2.7.7.jar;C:\Users\Justin\.m2\repository\org\apache\geronimo\specs\geronimo-jta_1.1_spec\1.1.1\geronimo-jta_1.1_spec-1.1.1.jar;C:\Users\Justin\.m2\repository\org\jboss\jandex\2.0.3.Final\jandex-2.0.3.Final.jar;C:\Users\Justin\.m2\repository\com\fasterxml\classmate\1.3.0\classmate-1.3.0.jar;C:\Users\Justin\.m2\repository\org\dom4j\dom4j\2.1.1\dom4j-2.1.1.jar;C:\Users\Justin\.m2\repository\org\hibernate\common\hibernate-commons-annotations\5.0.1.Final\hibernate-commons-annotations-5.0.1.Final.jar;C:\Users\Justin\.m2\repository\mysql\mysql-connector-java\5.1.44\mysql-connector-java-5.1.44.jar;C:\Users\Justin\.m2\repository\org\springframework\spring-context\4.2.6.RELEASE\spring-context-4.2.6.RELEASE.jar;C:\Users\Justin\.m2\repository\org\springframework\spring-aop\4.2.6.RELEASE\spring-aop-4.2.6.RELEASE.jar;C:\Users\Justin\.m2\repository\aopalliance\aopalliance\1.0\aopalliance-1.0.jar;C:\Users\Justin\.m2\repository\org\springframework\spring-beans\4.2.6.RELEASE\spring-beans-4.2.6.RELEASE.jar;C:\Users\Justin\.m2\repository\org\springframework\spring-core\4.2.6.RELEASE\spring-core-4.2.6.RELEASE.jar;C:\Users\Justin\.m2\repository\commons-logging\commons-logging\1.2\commons-logging-1.2.jar;C:\Users\Justin\.m2\repository\org\springframework\spring-expression\4.2.6.RELEASE\spring-expression-4.2.6.RELEASE.jar;C:\Users\Justin\.m2\repository\org\springframework\spring-orm\4.2.6.RELEASE\spring-orm-4.2.6.RELEASE.jar;C:\Users\Justin\.m2\repository\org\springframework\spring-jdbc\4.2.6.RELEASE\spring-jdbc-4.2.6.RELEASE.jar;C:\Users\Justin\.m2\repository\org\springframework\spring-tx\4.2.6.RELEASE\spring-tx-4.2.6.RELEASE.jar;C:\Users\Justin\.m2\repository\org\springframework\spring-web\4.2.6.RELEASE\spring-web-4.2.6.RELEASE.jar;C:\Users\Justin\.m2\repository\org\springframework\spring-test\4.2.6.RELEASE\spring-test-4.2.6.RELEASE.jar;C:\Users\Justin\.m2\repository\org\apache\struts\struts2-core\2.3.37\struts2-core-2.3.37.jar;C:\Users\Justin\.m2\repository\org\apache\struts\xwork\xwork-core\2.3.37\xwork-core-2.3.37.jar;C:\Users\Justin\.m2\repository\org\apache\commons\commons-lang3\3.2\commons-lang3-3.2.jar;C:\Users\Justin\.m2\repository\asm\asm\3.3\asm-3.3.jar;C:\Users\Justin\.m2\repository\asm\asm-commons\3.3\asm-commons-3.3.jar;C:\Users\Justin\.m2\repository\asm\asm-tree\3.3\asm-tree-3.3.jar;C:\Users\Justin\.m2\repository\org\freemarker\freemarker\2.3.28\freemarker-2.3.28.jar;C:\Users\Justin\.m2\repository\ognl\ognl\3.0.21\ognl-3.0.21.jar;C:\Users\Justin\.m2\repository\javassist\javassist\3.11.0.GA\javassist-3.11.0.GA.jar;C:\Users\Justin\.m2\repository\commons-fileupload\commons-fileupload\1.4\commons-fileupload-1.4.jar;C:\Users\Justin\.m2\repository\commons-io\commons-io\2.2\commons-io-2.2.jar;C:\Users\Justin\.m2\repository\junit\junit\4.12\junit-4.12.jar;C:\Users\Justin\.m2\repository\org\hamcrest\hamcrest-core\1.3\hamcrest-core-1.3.jar;C:\Users\Justin\.m2\repository\commons-pool\commons-pool\1.6\commons-pool-1.6.jar;C:\Users\Justin\.m2\repository\commons-dbcp\commons-dbcp\1.2.2\commons-dbcp-1.2.2.jar;C:\Users\Justin\.m2\repository\com\google\gwt\gwt-servlet\2.7.0\gwt-servlet-2.7.0.jar;C:\Users\Justin\.m2\repository\com\sencha\gxt\gxt\3.0.1\gxt-3.0.1.jar;C:\Users\Justin\.m2\repository\javax\validation\validation-api\1.0.0.GA\validation-api-1.0.0.GA.jar;C:\Users\Justin\.m2\repository\javax\validation\validation-api\1.0.0.GA\validation-api-1.0.0.GA-sources.jar;C:\Users\Justin\.m2\repository\org\json\json\20090211\json-20090211.jar;C:\Users\Justin\.m2\repository\javax\servlet\javax.servlet-api\3.1.0\javax.servlet-api-3.1.0.jar;C:\Users\Justin\.m2\repository\javax\xml\bind\jaxb-api\2.2.11\jaxb-api-2.2.11.jar;C:\Users\Justin\.m2\repository\com\sun\xml\bind\jaxb-core\2.2.11\jaxb-core-2.2.11.jar;C:\Users\Justin\.m2\repository\com\sun\xml\bind\jaxb-impl\2.2.11\jaxb-impl-2.2.11.jar;C:\Users\Justin\.m2\repository\javax\activation\activation\1.1.1\activation-1.1.1.jar;"/>
    <property name="sun.cpu.endian" value="little"/>
    <property name="user.home" value="C:\Users\Justin"/>
    <property name="user.language" value="fr"/>
    <property name="java.specification.vendor" value="Oracle Corporation"/>
    <property name="java.home" value="C:\Program Files\Java\jdk1.8.0_202\jre"/>
    <property name="basedir" value="D:\qualitedev\Java\_00_ASBank2023"/>
    <property name="file.separator" value="\"/>
    <property name="line.separator" value="&#10;"/>
    <property name="java.vm.specification.vendor" value="Oracle Corporation"/>
    <property name="java.specification.name" value="Java Platform API Specification"/>
    <property name="java.awt.graphicsenv" value="sun.awt.Win32GraphicsEnvironment"/>
    <property name="surefire.real.class.path" value="C:\Users\Justin\AppData\Local\Temp\surefire7642361254305217324\surefirebooter-20231021094617997_3.jar"/>
    <property name="sun.boot.class.path" value="C:\Program Files\Java\jdk1.8.0_202\jre\lib\resources.jar;C:\Program Files\Java\jdk1.8.0_202\jre\lib\rt.jar;C:\Program Files\Java\jdk1.8.0_202\jre\lib\sunrsasign.jar;C:\Program Files\Java\jdk1.8.0_202\jre\lib\jsse.jar;C:\Program Files\Java\jdk1.8.0_202\jre\lib\jce.jar;C:\Program Files\Java\jdk1.8.0_202\jre\lib\charsets.jar;C:\Program Files\Java\jdk1.8.0_202\jre\lib\jfr.jar;C:\Program Files\Java\jdk1.8.0_202\jre\classes"/>
    <property name="user.script" value=""/>
    <property name="sun.management.compiler" value="HotSpot 64-Bit Tiered Compilers"/>
    <property name="java.runtime.version" value="1.8.0_202-b08"/>
    <property name="user.name" value="Justin"/>
    <property name="path.separator" value=";"/>
    <property name="os.version" value="10.0"/>
    <property name="java.endorsed.dirs" value="C:\Program Files\Java\jdk1.8.0_202\jre\lib\endorsed"/>
    <property name="java.runtime.name" value="Java(TM) SE Runtime Environment"/>
    <property name="file.encoding" value="Cp1252"/>
    <property name="java.vm.name" value="Java HotSpot(TM) 64-Bit Server VM"/>
    <property name="localRepository" value="C:\Users\Justin\.m2\repository"/>
    <property name="java.vendor.url.bug" value="http://bugreport.sun.com/bugreport/"/>
    <property name="java.io.tmpdir" value="C:\Users\Justin\AppData\Local\Temp\"/>
    <property name="idea.version" value="2023.2.2"/>
    <property name="java.version" value="1.8.0_202"/>
    <property name="user.dir" value="D:\qualitedev\Java\_00_ASBank2023"/>
    <property name="os.arch" value="amd64"/>
    <property name="java.vm.specification.name" value="Java Virtual Machine Specification"/>
    <property name="java.awt.printerjob" value="sun.awt.windows.WPrinterJob"/>
    <property name="sun.os.patch.level" value=""/>
    <property name="java.library.path" value="C:\Program Files\Java\jdk1.8.0_202\jre\bin;C:\WINDOWS\Sun\Java\bin;C:\WINDOWS\system32;C:\WINDOWS;C:\Program Files (x86)\Common Files\Oracle\Java\javapath;C:\Program Files\Common Files\Oracle\Java\javapath;C:\WINDOWS\system32;C:\WINDOWS;C:\WINDOWS\System32\Wbem;C:\WINDOWS\System32\WindowsPowerShell\v1.0\;C:\WINDOWS\System32\OpenSSH\;C:\Program Files\Git\cmd;C:\gradle\gradle-8.1.1\bin;C:\Users\Justin\AppData\Local\Android\Sdk\emulator;C:\Users\Justin\AppData\Local\Android\Sdk\platform-tools;C:\php;C:\Program Files\MongoDB\Server\7.0\bin;C:\Program Files\nodejs\;D:\flutter\bin;C:\Program Files\PowerShell\7\;C:\Users\Justin\AppData\Local\Microsoft\WindowsApps;C:\Users\Justin\AppData\Local\JetBrains\Toolbox\scripts;C:\Users\Justin\AppData\Local\Microsoft\WindowsApps;C:\Users\Justin\AppData\Roaming\npm;;."/>
    <property name="java.vm.info" value="mixed mode"/>
    <property name="java.vendor" value="Oracle Corporation"/>
    <property name="java.vm.version" value="25.202-b08"/>
    <property name="java.ext.dirs" value="C:\Program Files\Java\jdk1.8.0_202\jre\lib\ext;C:\WINDOWS\Sun\Java\lib\ext"/>
    <property name="sun.io.unicode.encoding" value="UnicodeLittle"/>
    <property name="java.class.version" value="52.0"/>
  </properties>
  <testcase name="TestSuppressionDunClientAvecUnCompteDeSoldePositif" classname="com.iut.banque.test.facade.TestsBanqueManager" time="0.005">
    <system-out><![CDATA[==================
Création de la Dao
]]></system-out>
    <system-err><![CDATA[oct. 21, 2023 9:46:20 AM org.springframework.test.context.support.DefaultTestContextBootstrapper getDefaultTestExecutionListenerClassNames
INFOS: Loaded default TestExecutionListener class names from location [META-INF/spring.factories]: [org.springframework.test.context.web.ServletTestExecutionListener, org.springframework.test.context.support.DirtiesContextBeforeModesTestExecutionListener, org.springframework.test.context.support.DependencyInjectionTestExecutionListener, org.springframework.test.context.support.DirtiesContextTestExecutionListener, org.springframework.test.context.transaction.TransactionalTestExecutionListener, org.springframework.test.context.jdbc.SqlScriptsTestExecutionListener]
oct. 21, 2023 9:46:20 AM org.springframework.test.context.support.DefaultTestContextBootstrapper getTestExecutionListeners
INFOS: Using TestExecutionListeners: [org.springframework.test.context.web.ServletTestExecutionListener@6e92c6ad, org.springframework.test.context.support.DirtiesContextBeforeModesTestExecutionListener@2fb5fe30, org.springframework.test.context.support.DependencyInjectionTestExecutionListener@456be73c, org.springframework.test.context.support.DirtiesContextTestExecutionListener@2375b321, org.springframework.test.context.transaction.TransactionalTestExecutionListener@5baaae4c, org.springframework.test.context.jdbc.SqlScriptsTestExecutionListener@5b6e8f77]
oct. 21, 2023 9:46:20 AM org.springframework.beans.factory.xml.XmlBeanDefinitionReader loadBeanDefinitions
INFOS: Loading XML bean definitions from class path resource [TestsBanqueManager-context.xml]
oct. 21, 2023 9:46:20 AM org.springframework.context.support.GenericApplicationContext prepareRefresh
INFOS: Refreshing org.springframework.context.support.GenericApplicationContext@41a6d121: startup date [Sat Oct 21 09:46:20 CEST 2023]; root of context hierarchy
oct. 21, 2023 9:46:20 AM org.hibernate.dialect.Dialect <init>
INFO: HHH000400: Using dialect: org.hibernate.dialect.MySQLInnoDBDialect
oct. 21, 2023 9:46:20 AM org.springframework.orm.hibernate5.HibernateTransactionManager afterPropertiesSet
INFOS: Using DataSource [org.apache.commons.dbcp.BasicDataSource@27068a50] of Hibernate SessionFactory for HibernateTransactionManager
oct. 21, 2023 9:46:20 AM org.springframework.test.context.transaction.TransactionContext startTransaction
INFOS: Began transaction (1) for test context [DefaultTestContext@48bfb884 testClass = TestsBanqueManager, testInstance = com.iut.banque.test.facade.TestsBanqueManager@11653e3b, testMethod = TestSuppressionDunClientAvecUnCompteDeSoldePositif@TestsBanqueManager, testException = [null], mergedContextConfiguration = [MergedContextConfiguration@5328a9c1 testClass = TestsBanqueManager, locations = '{classpath:TestsBanqueManager-context.xml}', classes = '{}', contextInitializerClasses = '[]', activeProfiles = '{}', propertySourceLocations = '{}', propertySourceProperties = '{}', contextLoader = 'org.springframework.test.context.support.DelegatingSmartContextLoader', parent = [null]]]; transaction manager [org.springframework.orm.hibernate5.HibernateTransactionManager@715fb77]; rollback [true]
oct. 21, 2023 9:46:20 AM org.springframework.test.context.transaction.TransactionContext endTransaction
INFOS: Rolled back transaction for test context [DefaultTestContext@48bfb884 testClass = TestsBanqueManager, testInstance = com.iut.banque.test.facade.TestsBanqueManager@11653e3b, testMethod = TestSuppressionDunClientAvecUnCompteDeSoldePositif@TestsBanqueManager, testException = [null], mergedContextConfiguration = [MergedContextConfiguration@5328a9c1 testClass = TestsBanqueManager, locations = '{classpath:TestsBanqueManager-context.xml}', classes = '{}', contextInitializerClasses = '[]', activeProfiles = '{}', propertySourceLocations = '{}', propertySourceProperties = '{}', contextLoader = 'org.springframework.test.context.support.DelegatingSmartContextLoader', parent = [null]]].
]]></system-err>
  </testcase>
  <testcase name="TestSuppressionDunClientAvecUnCompteAvecDecouvertDeSoldeNegatif" classname="com.iut.banque.test.facade.TestsBanqueManager" time="0.009">
    <system-err><![CDATA[oct. 21, 2023 9:46:20 AM org.springframework.test.context.transaction.TransactionContext startTransaction
INFOS: Began transaction (1) for test context [DefaultTestContext@48bfb884 testClass = TestsBanqueManager, testInstance = com.iut.banque.test.facade.TestsBanqueManager@4b1c0397, testMethod = TestSuppressionDunClientAvecUnCompteAvecDecouvertDeSoldeNegatif@TestsBanqueManager, testException = [null], mergedContextConfiguration = [MergedContextConfiguration@5328a9c1 testClass = TestsBanqueManager, locations = '{classpath:TestsBanqueManager-context.xml}', classes = '{}', contextInitializerClasses = '[]', activeProfiles = '{}', propertySourceLocations = '{}', propertySourceProperties = '{}', contextLoader = 'org.springframework.test.context.support.DelegatingSmartContextLoader', parent = [null]]]; transaction manager [org.springframework.orm.hibernate5.HibernateTransactionManager@715fb77]; rollback [true]
oct. 21, 2023 9:46:20 AM org.springframework.test.context.transaction.TransactionContext endTransaction
INFOS: Rolled back transaction for test context [DefaultTestContext@48bfb884 testClass = TestsBanqueManager, testInstance = com.iut.banque.test.facade.TestsBanqueManager@4b1c0397, testMethod = TestSuppressionDunClientAvecUnCompteAvecDecouvertDeSoldeNegatif@TestsBanqueManager, testException = [null], mergedContextConfiguration = [MergedContextConfiguration@5328a9c1 testClass = TestsBanqueManager, locations = '{classpath:TestsBanqueManager-context.xml}', classes = '{}', contextInitializerClasses = '[]', activeProfiles = '{}', propertySourceLocations = '{}', propertySourceProperties = '{}', contextLoader = 'org.springframework.test.context.support.DelegatingSmartContextLoader', parent = [null]]].
]]></system-err>
  </testcase>
  <testcase name="TestSuppressionDunCompteAvecDecouvertAvecSoldeDifferentDeZero" classname="com.iut.banque.test.facade.TestsBanqueManager" time="0.008">
    <system-err><![CDATA[oct. 21, 2023 9:46:20 AM org.springframework.test.context.transaction.TransactionContext startTransaction
INFOS: Began transaction (1) for test context [DefaultTestContext@48bfb884 testClass = TestsBanqueManager, testInstance = com.iut.banque.test.facade.TestsBanqueManager@34cf5a97, testMethod = TestSuppressionDunCompteAvecDecouvertAvecSoldeDifferentDeZero@TestsBanqueManager, testException = [null], mergedContextConfiguration = [MergedContextConfiguration@5328a9c1 testClass = TestsBanqueManager, locations = '{classpath:TestsBanqueManager-context.xml}', classes = '{}', contextInitializerClasses = '[]', activeProfiles = '{}', propertySourceLocations = '{}', propertySourceProperties = '{}', contextLoader = 'org.springframework.test.context.support.DelegatingSmartContextLoader', parent = [null]]]; transaction manager [org.springframework.orm.hibernate5.HibernateTransactionManager@715fb77]; rollback [true]
oct. 21, 2023 9:46:20 AM org.springframework.test.context.transaction.TransactionContext endTransaction
INFOS: Rolled back transaction for test context [DefaultTestContext@48bfb884 testClass = TestsBanqueManager, testInstance = com.iut.banque.test.facade.TestsBanqueManager@34cf5a97, testMethod = TestSuppressionDunCompteAvecDecouvertAvecSoldeDifferentDeZero@TestsBanqueManager, testException = [null], mergedContextConfiguration = [MergedContextConfiguration@5328a9c1 testClass = TestsBanqueManager, locations = '{classpath:TestsBanqueManager-context.xml}', classes = '{}', contextInitializerClasses = '[]', activeProfiles = '{}', propertySourceLocations = '{}', propertySourceProperties = '{}', contextLoader = 'org.springframework.test.context.support.DelegatingSmartContextLoader', parent = [null]]].
]]></system-err>
  </testcase>
  <testcase name="TestSuppressionDunClientAvecComptesDeSoldeZero" classname="com.iut.banque.test.facade.TestsBanqueManager" time="0.019">
    <system-err><![CDATA[oct. 21, 2023 9:46:20 AM org.springframework.test.context.transaction.TransactionContext startTransaction
INFOS: Began transaction (1) for test context [DefaultTestContext@48bfb884 testClass = TestsBanqueManager, testInstance = com.iut.banque.test.facade.TestsBanqueManager@69cac930, testMethod = TestSuppressionDunClientAvecComptesDeSoldeZero@TestsBanqueManager, testException = [null], mergedContextConfiguration = [MergedContextConfiguration@5328a9c1 testClass = TestsBanqueManager, locations = '{classpath:TestsBanqueManager-context.xml}', classes = '{}', contextInitializerClasses = '[]', activeProfiles = '{}', propertySourceLocations = '{}', propertySourceProperties = '{}', contextLoader = 'org.springframework.test.context.support.DelegatingSmartContextLoader', parent = [null]]]; transaction manager [org.springframework.orm.hibernate5.HibernateTransactionManager@715fb77]; rollback [true]
oct. 21, 2023 9:46:20 AM org.springframework.test.context.transaction.TransactionContext endTransaction
INFOS: Rolled back transaction for test context [DefaultTestContext@48bfb884 testClass = TestsBanqueManager, testInstance = com.iut.banque.test.facade.TestsBanqueManager@69cac930, testMethod = TestSuppressionDunClientAvecComptesDeSoldeZero@TestsBanqueManager, testException = [null], mergedContextConfiguration = [MergedContextConfiguration@5328a9c1 testClass = TestsBanqueManager, locations = '{classpath:TestsBanqueManager-context.xml}', classes = '{}', contextInitializerClasses = '[]', activeProfiles = '{}', propertySourceLocations = '{}', propertySourceProperties = '{}', contextLoader = 'org.springframework.test.context.support.DelegatingSmartContextLoader', parent = [null]]].
]]></system-err>
  </testcase>
  <testcase name="TestSuppressionDuDernierManagerDeLaBaseDeDonnees" classname="com.iut.banque.test.facade.TestsBanqueManager" time="0.007">
    <system-err><![CDATA[oct. 21, 2023 9:46:20 AM org.springframework.test.context.transaction.TransactionContext startTransaction
INFOS: Began transaction (1) for test context [DefaultTestContext@48bfb884 testClass = TestsBanqueManager, testInstance = com.iut.banque.test.facade.TestsBanqueManager@60723d6a, testMethod = TestSuppressionDuDernierManagerDeLaBaseDeDonnees@TestsBanqueManager, testException = [null], mergedContextConfiguration = [MergedContextConfiguration@5328a9c1 testClass = TestsBanqueManager, locations = '{classpath:TestsBanqueManager-context.xml}', classes = '{}', contextInitializerClasses = '[]', activeProfiles = '{}', propertySourceLocations = '{}', propertySourceProperties = '{}', contextLoader = 'org.springframework.test.context.support.DelegatingSmartContextLoader', parent = [null]]]; transaction manager [org.springframework.orm.hibernate5.HibernateTransactionManager@715fb77]; rollback [true]
oct. 21, 2023 9:46:20 AM org.springframework.test.context.transaction.TransactionContext endTransaction
INFOS: Rolled back transaction for test context [DefaultTestContext@48bfb884 testClass = TestsBanqueManager, testInstance = com.iut.banque.test.facade.TestsBanqueManager@60723d6a, testMethod = TestSuppressionDuDernierManagerDeLaBaseDeDonnees@TestsBanqueManager, testException = [null], mergedContextConfiguration = [MergedContextConfiguration@5328a9c1 testClass = TestsBanqueManager, locations = '{classpath:TestsBanqueManager-context.xml}', classes = '{}', contextInitializerClasses = '[]', activeProfiles = '{}', propertySourceLocations = '{}', propertySourceProperties = '{}', contextLoader = 'org.springframework.test.context.support.DelegatingSmartContextLoader', parent = [null]]].
]]></system-err>
  </testcase>
  <testcase name="TestSuppressionDunCompteSansDecouvertAvecSoldeZero" classname="com.iut.banque.test.facade.TestsBanqueManager" time="0.01">
    <system-err><![CDATA[oct. 21, 2023 9:46:20 AM org.springframework.test.context.transaction.TransactionContext startTransaction
INFOS: Began transaction (1) for test context [DefaultTestContext@48bfb884 testClass = TestsBanqueManager, testInstance = com.iut.banque.test.facade.TestsBanqueManager@abbc908, testMethod = TestSuppressionDunCompteSansDecouvertAvecSoldeZero@TestsBanqueManager, testException = [null], mergedContextConfiguration = [MergedContextConfiguration@5328a9c1 testClass = TestsBanqueManager, locations = '{classpath:TestsBanqueManager-context.xml}', classes = '{}', contextInitializerClasses = '[]', activeProfiles = '{}', propertySourceLocations = '{}', propertySourceProperties = '{}', contextLoader = 'org.springframework.test.context.support.DelegatingSmartContextLoader', parent = [null]]]; transaction manager [org.springframework.orm.hibernate5.HibernateTransactionManager@715fb77]; rollback [true]
oct. 21, 2023 9:46:20 AM org.springframework.test.context.transaction.TransactionContext endTransaction
INFOS: Rolled back transaction for test context [DefaultTestContext@48bfb884 testClass = TestsBanqueManager, testInstance = com.iut.banque.test.facade.TestsBanqueManager@abbc908, testMethod = TestSuppressionDunCompteSansDecouvertAvecSoldeZero@TestsBanqueManager, testException = [null], mergedContextConfiguration = [MergedContextConfiguration@5328a9c1 testClass = TestsBanqueManager, locations = '{classpath:TestsBanqueManager-context.xml}', classes = '{}', contextInitializerClasses = '[]', activeProfiles = '{}', propertySourceLocations = '{}', propertySourceProperties = '{}', contextLoader = 'org.springframework.test.context.support.DelegatingSmartContextLoader', parent = [null]]].
]]></system-err>
  </testcase>
  <testcase name="TestSuppressionDunCompteSansDecouvertAvecSoldeDifferentDeZero" classname="com.iut.banque.test.facade.TestsBanqueManager" time="0.009">
    <system-err><![CDATA[oct. 21, 2023 9:46:20 AM org.springframework.test.context.transaction.TransactionContext startTransaction
INFOS: Began transaction (1) for test context [DefaultTestContext@48bfb884 testClass = TestsBanqueManager, testInstance = com.iut.banque.test.facade.TestsBanqueManager@6edaa77a, testMethod = TestSuppressionDunCompteSansDecouvertAvecSoldeDifferentDeZero@TestsBanqueManager, testException = [null], mergedContextConfiguration = [MergedContextConfiguration@5328a9c1 testClass = TestsBanqueManager, locations = '{classpath:TestsBanqueManager-context.xml}', classes = '{}', contextInitializerClasses = '[]', activeProfiles = '{}', propertySourceLocations = '{}', propertySourceProperties = '{}', contextLoader = 'org.springframework.test.context.support.DelegatingSmartContextLoader', parent = [null]]]; transaction manager [org.springframework.orm.hibernate5.HibernateTransactionManager@715fb77]; rollback [true]
oct. 21, 2023 9:46:20 AM org.springframework.test.context.transaction.TransactionContext endTransaction
INFOS: Rolled back transaction for test context [DefaultTestContext@48bfb884 testClass = TestsBanqueManager, testInstance = com.iut.banque.test.facade.TestsBanqueManager@6edaa77a, testMethod = TestSuppressionDunCompteSansDecouvertAvecSoldeDifferentDeZero@TestsBanqueManager, testException = [null], mergedContextConfiguration = [MergedContextConfiguration@5328a9c1 testClass = TestsBanqueManager, locations = '{classpath:TestsBanqueManager-context.xml}', classes = '{}', contextInitializerClasses = '[]', activeProfiles = '{}', propertySourceLocations = '{}', propertySourceProperties = '{}', contextLoader = 'org.springframework.test.context.support.DelegatingSmartContextLoader', parent = [null]]].
]]></system-err>
  </testcase>
  <testcase name="TestCreationDunClientAvecDeuxNumerosDeCompteIdentiques" classname="com.iut.banque.test.facade.TestsBanqueManager" time="0.01">
    <system-err><![CDATA[oct. 21, 2023 9:46:20 AM org.springframework.test.context.transaction.TransactionContext startTransaction
INFOS: Began transaction (1) for test context [DefaultTestContext@48bfb884 testClass = TestsBanqueManager, testInstance = com.iut.banque.test.facade.TestsBanqueManager@56de6d6b, testMethod = TestCreationDunClientAvecDeuxNumerosDeCompteIdentiques@TestsBanqueManager, testException = [null], mergedContextConfiguration = [MergedContextConfiguration@5328a9c1 testClass = TestsBanqueManager, locations = '{classpath:TestsBanqueManager-context.xml}', classes = '{}', contextInitializerClasses = '[]', activeProfiles = '{}', propertySourceLocations = '{}', propertySourceProperties = '{}', contextLoader = 'org.springframework.test.context.support.DelegatingSmartContextLoader', parent = [null]]]; transaction manager [org.springframework.orm.hibernate5.HibernateTransactionManager@715fb77]; rollback [true]
oct. 21, 2023 9:46:20 AM org.springframework.test.context.transaction.TransactionContext endTransaction
INFOS: Rolled back transaction for test context [DefaultTestContext@48bfb884 testClass = TestsBanqueManager, testInstance = com.iut.banque.test.facade.TestsBanqueManager@56de6d6b, testMethod = TestCreationDunClientAvecDeuxNumerosDeCompteIdentiques@TestsBanqueManager, testException = [null], mergedContextConfiguration = [MergedContextConfiguration@5328a9c1 testClass = TestsBanqueManager, locations = '{classpath:TestsBanqueManager-context.xml}', classes = '{}', contextInitializerClasses = '[]', activeProfiles = '{}', propertySourceLocations = '{}', propertySourceProperties = '{}', contextLoader = 'org.springframework.test.context.support.DelegatingSmartContextLoader', parent = [null]]].
]]></system-err>
  </testcase>
  <testcase name="TestSuppressionDunCompteAvecDecouvertAvecSoldeZero" classname="com.iut.banque.test.facade.TestsBanqueManager" time="0.007">
    <system-err><![CDATA[oct. 21, 2023 9:46:20 AM org.springframework.test.context.transaction.TransactionContext startTransaction
INFOS: Began transaction (1) for test context [DefaultTestContext@48bfb884 testClass = TestsBanqueManager, testInstance = com.iut.banque.test.facade.TestsBanqueManager@53093491, testMethod = TestSuppressionDunCompteAvecDecouvertAvecSoldeZero@TestsBanqueManager, testException = [null], mergedContextConfiguration = [MergedContextConfiguration@5328a9c1 testClass = TestsBanqueManager, locations = '{classpath:TestsBanqueManager-context.xml}', classes = '{}', contextInitializerClasses = '[]', activeProfiles = '{}', propertySourceLocations = '{}', propertySourceProperties = '{}', contextLoader = 'org.springframework.test.context.support.DelegatingSmartContextLoader', parent = [null]]]; transaction manager [org.springframework.orm.hibernate5.HibernateTransactionManager@715fb77]; rollback [true]
oct. 21, 2023 9:46:20 AM org.springframework.test.context.transaction.TransactionContext endTransaction
INFOS: Rolled back transaction for test context [DefaultTestContext@48bfb884 testClass = TestsBanqueManager, testInstance = com.iut.banque.test.facade.TestsBanqueManager@53093491, testMethod = TestSuppressionDunCompteAvecDecouvertAvecSoldeZero@TestsBanqueManager, testException = [null], mergedContextConfiguration = [MergedContextConfiguration@5328a9c1 testClass = TestsBanqueManager, locations = '{classpath:TestsBanqueManager-context.xml}', classes = '{}', contextInitializerClasses = '[]', activeProfiles = '{}', propertySourceLocations = '{}', propertySourceProperties = '{}', contextLoader = 'org.springframework.test.context.support.DelegatingSmartContextLoader', parent = [null]]].
]]></system-err>
  </testcase>
  <testcase name="TestSuppressionDunUtilisateurSansCompte" classname="com.iut.banque.test.facade.TestsBanqueManager" time="0.01">
    <system-err><![CDATA[oct. 21, 2023 9:46:20 AM org.springframework.test.context.transaction.TransactionContext startTransaction
INFOS: Began transaction (1) for test context [DefaultTestContext@48bfb884 testClass = TestsBanqueManager, testInstance = com.iut.banque.test.facade.TestsBanqueManager@7578e06a, testMethod = TestSuppressionDunUtilisateurSansCompte@TestsBanqueManager, testException = [null], mergedContextConfiguration = [MergedContextConfiguration@5328a9c1 testClass = TestsBanqueManager, locations = '{classpath:TestsBanqueManager-context.xml}', classes = '{}', contextInitializerClasses = '[]', activeProfiles = '{}', propertySourceLocations = '{}', propertySourceProperties = '{}', contextLoader = 'org.springframework.test.context.support.DelegatingSmartContextLoader', parent = [null]]]; transaction manager [org.springframework.orm.hibernate5.HibernateTransactionManager@715fb77]; rollback [true]
oct. 21, 2023 9:46:20 AM org.springframework.test.context.transaction.TransactionContext endTransaction
INFOS: Rolled back transaction for test context [DefaultTestContext@48bfb884 testClass = TestsBanqueManager, testInstance = com.iut.banque.test.facade.TestsBanqueManager@7578e06a, testMethod = TestSuppressionDunUtilisateurSansCompte@TestsBanqueManager, testException = [null], mergedContextConfiguration = [MergedContextConfiguration@5328a9c1 testClass = TestsBanqueManager, locations = '{classpath:TestsBanqueManager-context.xml}', classes = '{}', contextInitializerClasses = '[]', activeProfiles = '{}', propertySourceLocations = '{}', propertySourceProperties = '{}', contextLoader = 'org.springframework.test.context.support.DelegatingSmartContextLoader', parent = [null]]].
]]></system-err>
  </testcase>
  <testcase name="TestCreationDunClient" classname="com.iut.banque.test.facade.TestsBanqueManager" time="0.009">
    <system-err><![CDATA[oct. 21, 2023 9:46:20 AM org.springframework.test.context.transaction.TransactionContext startTransaction
INFOS: Began transaction (1) for test context [DefaultTestContext@48bfb884 testClass = TestsBanqueManager, testInstance = com.iut.banque.test.facade.TestsBanqueManager@12db3386, testMethod = TestCreationDunClient@TestsBanqueManager, testException = [null], mergedContextConfiguration = [MergedContextConfiguration@5328a9c1 testClass = TestsBanqueManager, locations = '{classpath:TestsBanqueManager-context.xml}', classes = '{}', contextInitializerClasses = '[]', activeProfiles = '{}', propertySourceLocations = '{}', propertySourceProperties = '{}', contextLoader = 'org.springframework.test.context.support.DelegatingSmartContextLoader', parent = [null]]]; transaction manager [org.springframework.orm.hibernate5.HibernateTransactionManager@715fb77]; rollback [true]
oct. 21, 2023 9:46:20 AM org.springframework.test.context.transaction.TransactionContext endTransaction
INFOS: Rolled back transaction for test context [DefaultTestContext@48bfb884 testClass = TestsBanqueManager, testInstance = com.iut.banque.test.facade.TestsBanqueManager@12db3386, testMethod = TestCreationDunClient@TestsBanqueManager, testException = [null], mergedContextConfiguration = [MergedContextConfiguration@5328a9c1 testClass = TestsBanqueManager, locations = '{classpath:TestsBanqueManager-context.xml}', classes = '{}', contextInitializerClasses = '[]', activeProfiles = '{}', propertySourceLocations = '{}', propertySourceProperties = '{}', contextLoader = 'org.springframework.test.context.support.DelegatingSmartContextLoader', parent = [null]]].
]]></system-err>
  </testcase>
</testsuite>